<?xml version="1.0" encoding="UTF-8"?>
<testsuite xmlns:xsi="http://www.w3.org/2001/XMLSchema-instance" xsi:noNamespaceSchemaLocation="https://maven.apache.org/surefire/maven-surefire-plugin/xsd/surefire-test-report.xsd" version="3.0.2" name="com.example.softlearning.applicationcore.entity.sharedkernel.domainservices.validations.CheckTest" time="0.341" tests="116" errors="0" skipped="0" failures="0">
  <properties>
    <property name="java.specification.version" value="17"/>
    <property name="sun.cpu.isalist" value="amd64"/>
    <property name="sun.jnu.encoding" value="Cp1252"/>
    <property name="java.class.path" value="C:\Users\abran\softlearningjpa\softlearning\target\test-classes;C:\Users\abran\softlearningjpa\softlearning\target\classes;C:\Users\abran\.m2\repository\org\springframework\boot\spring-boot-starter-actuator\3.4.0\spring-boot-starter-actuator-3.4.0.jar;C:\Users\abran\.m2\repository\org\springframework\boot\spring-boot-starter\3.4.0\spring-boot-starter-3.4.0.jar;C:\Users\abran\.m2\repository\org\springframework\boot\spring-boot\3.4.0\spring-boot-3.4.0.jar;C:\Users\abran\.m2\repository\org\springframework\boot\spring-boot-autoconfigure\3.4.0\spring-boot-autoconfigure-3.4.0.jar;C:\Users\abran\.m2\repository\org\springframework\boot\spring-boot-starter-logging\3.4.0\spring-boot-starter-logging-3.4.0.jar;C:\Users\abran\.m2\repository\ch\qos\logback\logback-classic\1.5.12\logback-classic-1.5.12.jar;C:\Users\abran\.m2\repository\ch\qos\logback\logback-core\1.5.12\logback-core-1.5.12.jar;C:\Users\abran\.m2\repository\org\apache\logging\log4j\log4j-to-slf4j\2.24.1\log4j-to-slf4j-2.24.1.jar;C:\Users\abran\.m2\repository\org\apache\logging\log4j\log4j-api\2.24.1\log4j-api-2.24.1.jar;C:\Users\abran\.m2\repository\org\slf4j\jul-to-slf4j\2.0.16\jul-to-slf4j-2.0.16.jar;C:\Users\abran\.m2\repository\org\springframework\boot\spring-boot-actuator-autoconfigure\3.4.0\spring-boot-actuator-autoconfigure-3.4.0.jar;C:\Users\abran\.m2\repository\org\springframework\boot\spring-boot-actuator\3.4.0\spring-boot-actuator-3.4.0.jar;C:\Users\abran\.m2\repository\com\fasterxml\jackson\datatype\jackson-datatype-jsr310\2.18.1\jackson-datatype-jsr310-2.18.1.jar;C:\Users\abran\.m2\repository\io\micrometer\micrometer-observation\1.14.1\micrometer-observation-1.14.1.jar;C:\Users\abran\.m2\repository\io\micrometer\micrometer-commons\1.14.1\micrometer-commons-1.14.1.jar;C:\Users\abran\.m2\repository\io\micrometer\micrometer-jakarta9\1.14.1\micrometer-jakarta9-1.14.1.jar;C:\Users\abran\.m2\repository\io\micrometer\micrometer-core\1.14.1\micrometer-core-1.14.1.jar;C:\Users\abran\.m2\repository\org\hdrhistogram\HdrHistogram\2.2.2\HdrHistogram-2.2.2.jar;C:\Users\abran\.m2\repository\org\latencyutils\LatencyUtils\2.0.3\LatencyUtils-2.0.3.jar;C:\Users\abran\.m2\repository\org\springframework\boot\spring-boot-starter-data-jpa\3.4.0\spring-boot-starter-data-jpa-3.4.0.jar;C:\Users\abran\.m2\repository\org\springframework\boot\spring-boot-starter-jdbc\3.4.0\spring-boot-starter-jdbc-3.4.0.jar;C:\Users\abran\.m2\repository\com\zaxxer\HikariCP\5.1.0\HikariCP-5.1.0.jar;C:\Users\abran\.m2\repository\org\springframework\spring-jdbc\6.2.0\spring-jdbc-6.2.0.jar;C:\Users\abran\.m2\repository\org\hibernate\orm\hibernate-core\6.6.2.Final\hibernate-core-6.6.2.Final.jar;C:\Users\abran\.m2\repository\jakarta\persistence\jakarta.persistence-api\3.1.0\jakarta.persistence-api-3.1.0.jar;C:\Users\abran\.m2\repository\jakarta\transaction\jakarta.transaction-api\2.0.1\jakarta.transaction-api-2.0.1.jar;C:\Users\abran\.m2\repository\org\jboss\logging\jboss-logging\3.6.1.Final\jboss-logging-3.6.1.Final.jar;C:\Users\abran\.m2\repository\org\hibernate\common\hibernate-commons-annotations\7.0.3.Final\hibernate-commons-annotations-7.0.3.Final.jar;C:\Users\abran\.m2\repository\io\smallrye\jandex\3.2.0\jandex-3.2.0.jar;C:\Users\abran\.m2\repository\com\fasterxml\classmate\1.7.0\classmate-1.7.0.jar;C:\Users\abran\.m2\repository\net\bytebuddy\byte-buddy\1.15.10\byte-buddy-1.15.10.jar;C:\Users\abran\.m2\repository\org\glassfish\jaxb\jaxb-runtime\4.0.5\jaxb-runtime-4.0.5.jar;C:\Users\abran\.m2\repository\org\glassfish\jaxb\jaxb-core\4.0.5\jaxb-core-4.0.5.jar;C:\Users\abran\.m2\repository\org\eclipse\angus\angus-activation\2.0.2\angus-activation-2.0.2.jar;C:\Users\abran\.m2\repository\org\glassfish\jaxb\txw2\4.0.5\txw2-4.0.5.jar;C:\Users\abran\.m2\repository\com\sun\istack\istack-commons-runtime\4.1.2\istack-commons-runtime-4.1.2.jar;C:\Users\abran\.m2\repository\jakarta\inject\jakarta.inject-api\2.0.1\jakarta.inject-api-2.0.1.jar;C:\Users\abran\.m2\repository\org\antlr\antlr4-runtime\4.13.0\antlr4-runtime-4.13.0.jar;C:\Users\abran\.m2\repository\org\springframework\data\spring-data-jpa\3.4.0\spring-data-jpa-3.4.0.jar;C:\Users\abran\.m2\repository\org\springframework\data\spring-data-commons\3.4.0\spring-data-commons-3.4.0.jar;C:\Users\abran\.m2\repository\org\springframework\spring-orm\6.2.0\spring-orm-6.2.0.jar;C:\Users\abran\.m2\repository\org\springframework\spring-context\6.2.0\spring-context-6.2.0.jar;C:\Users\abran\.m2\repository\org\springframework\spring-aop\6.2.0\spring-aop-6.2.0.jar;C:\Users\abran\.m2\repository\org\springframework\spring-tx\6.2.0\spring-tx-6.2.0.jar;C:\Users\abran\.m2\repository\org\springframework\spring-beans\6.2.0\spring-beans-6.2.0.jar;C:\Users\abran\.m2\repository\org\slf4j\slf4j-api\2.0.16\slf4j-api-2.0.16.jar;C:\Users\abran\.m2\repository\org\springframework\spring-aspects\6.2.0\spring-aspects-6.2.0.jar;C:\Users\abran\.m2\repository\org\aspectj\aspectjweaver\1.9.22.1\aspectjweaver-1.9.22.1.jar;C:\Users\abran\.m2\repository\com\mysql\mysql-connector-j\9.1.0\mysql-connector-j-9.1.0.jar;C:\Users\abran\.m2\repository\org\springframework\boot\spring-boot-starter-web\3.4.0\spring-boot-starter-web-3.4.0.jar;C:\Users\abran\.m2\repository\org\springframework\boot\spring-boot-starter-json\3.4.0\spring-boot-starter-json-3.4.0.jar;C:\Users\abran\.m2\repository\com\fasterxml\jackson\datatype\jackson-datatype-jdk8\2.18.1\jackson-datatype-jdk8-2.18.1.jar;C:\Users\abran\.m2\repository\com\fasterxml\jackson\module\jackson-module-parameter-names\2.18.1\jackson-module-parameter-names-2.18.1.jar;C:\Users\abran\.m2\repository\org\springframework\spring-web\6.2.0\spring-web-6.2.0.jar;C:\Users\abran\.m2\repository\org\springframework\spring-webmvc\6.2.0\spring-webmvc-6.2.0.jar;C:\Users\abran\.m2\repository\org\springframework\spring-expression\6.2.0\spring-expression-6.2.0.jar;C:\Users\abran\.m2\repository\org\springframework\boot\spring-boot-starter-tomcat\3.4.0\spring-boot-starter-tomcat-3.4.0.jar;C:\Users\abran\.m2\repository\jakarta\annotation\jakarta.annotation-api\2.1.1\jakarta.annotation-api-2.1.1.jar;C:\Users\abran\.m2\repository\org\apache\tomcat\embed\tomcat-embed-core\10.1.33\tomcat-embed-core-10.1.33.jar;C:\Users\abran\.m2\repository\org\apache\tomcat\embed\tomcat-embed-el\10.1.33\tomcat-embed-el-10.1.33.jar;C:\Users\abran\.m2\repository\org\apache\tomcat\embed\tomcat-embed-websocket\10.1.33\tomcat-embed-websocket-10.1.33.jar;C:\Users\abran\.m2\repository\org\springframework\boot\spring-boot-starter-test\3.4.0\spring-boot-starter-test-3.4.0.jar;C:\Users\abran\.m2\repository\org\springframework\boot\spring-boot-test\3.4.0\spring-boot-test-3.4.0.jar;C:\Users\abran\.m2\repository\org\springframework\boot\spring-boot-test-autoconfigure\3.4.0\spring-boot-test-autoconfigure-3.4.0.jar;C:\Users\abran\.m2\repository\com\jayway\jsonpath\json-path\2.9.0\json-path-2.9.0.jar;C:\Users\abran\.m2\repository\jakarta\xml\bind\jakarta.xml.bind-api\4.0.2\jakarta.xml.bind-api-4.0.2.jar;C:\Users\abran\.m2\repository\jakarta\activation\jakarta.activation-api\2.1.3\jakarta.activation-api-2.1.3.jar;C:\Users\abran\.m2\repository\net\minidev\json-smart\2.5.1\json-smart-2.5.1.jar;C:\Users\abran\.m2\repository\net\minidev\accessors-smart\2.5.1\accessors-smart-2.5.1.jar;C:\Users\abran\.m2\repository\org\ow2\asm\asm\9.6\asm-9.6.jar;C:\Users\abran\.m2\repository\org\assertj\assertj-core\3.26.3\assertj-core-3.26.3.jar;C:\Users\abran\.m2\repository\org\awaitility\awaitility\4.2.2\awaitility-4.2.2.jar;C:\Users\abran\.m2\repository\org\hamcrest\hamcrest\2.2\hamcrest-2.2.jar;C:\Users\abran\.m2\repository\org\junit\jupiter\junit-jupiter\5.11.3\junit-jupiter-5.11.3.jar;C:\Users\abran\.m2\repository\org\junit\jupiter\junit-jupiter-params\5.11.3\junit-jupiter-params-5.11.3.jar;C:\Users\abran\.m2\repository\org\junit\jupiter\junit-jupiter-engine\5.11.3\junit-jupiter-engine-5.11.3.jar;C:\Users\abran\.m2\repository\org\junit\platform\junit-platform-engine\1.11.3\junit-platform-engine-1.11.3.jar;C:\Users\abran\.m2\repository\org\mockito\mockito-core\5.14.2\mockito-core-5.14.2.jar;C:\Users\abran\.m2\repository\net\bytebuddy\byte-buddy-agent\1.15.10\byte-buddy-agent-1.15.10.jar;C:\Users\abran\.m2\repository\org\objenesis\objenesis\3.3\objenesis-3.3.jar;C:\Users\abran\.m2\repository\org\skyscreamer\jsonassert\1.5.3\jsonassert-1.5.3.jar;C:\Users\abran\.m2\repository\com\vaadin\external\google\android-json\0.0.20131108.vaadin1\android-json-0.0.20131108.vaadin1.jar;C:\Users\abran\.m2\repository\org\springframework\spring-core\6.2.0\spring-core-6.2.0.jar;C:\Users\abran\.m2\repository\org\springframework\spring-jcl\6.2.0\spring-jcl-6.2.0.jar;C:\Users\abran\.m2\repository\org\springframework\spring-test\6.2.0\spring-test-6.2.0.jar;C:\Users\abran\.m2\repository\org\xmlunit\xmlunit-core\2.10.0\xmlunit-core-2.10.0.jar;C:\Users\abran\.m2\repository\com\fasterxml\jackson\core\jackson-databind\2.18.1\jackson-databind-2.18.1.jar;C:\Users\abran\.m2\repository\com\fasterxml\jackson\core\jackson-annotations\2.18.1\jackson-annotations-2.18.1.jar;C:\Users\abran\.m2\repository\com\fasterxml\jackson\core\jackson-core\2.18.1\jackson-core-2.18.1.jar;C:\Users\abran\.m2\repository\com\fasterxml\jackson\dataformat\jackson-dataformat-xml\2.18.1\jackson-dataformat-xml-2.18.1.jar;C:\Users\abran\.m2\repository\org\codehaus\woodstox\stax2-api\4.2.2\stax2-api-4.2.2.jar;C:\Users\abran\.m2\repository\com\fasterxml\woodstox\woodstox-core\7.0.0\woodstox-core-7.0.0.jar;C:\Users\abran\.m2\repository\com\fasterxml\jackson\dataformat\jackson-dataformat-yaml\2.18.1\jackson-dataformat-yaml-2.18.1.jar;C:\Users\abran\.m2\repository\org\yaml\snakeyaml\2.3\snakeyaml-2.3.jar;C:\Users\abran\.m2\repository\org\junit\jupiter\junit-jupiter-api\5.11.3\junit-jupiter-api-5.11.3.jar;C:\Users\abran\.m2\repository\org\opentest4j\opentest4j\1.3.0\opentest4j-1.3.0.jar;C:\Users\abran\.m2\repository\org\junit\platform\junit-platform-commons\1.11.3\junit-platform-commons-1.11.3.jar;C:\Users\abran\.m2\repository\org\apiguardian\apiguardian-api\1.1.2\apiguardian-api-1.1.2.jar;C:\Users\abran\.m2\repository\org\mockito\mockito-junit-jupiter\5.14.2\mockito-junit-jupiter-5.14.2.jar;C:\Users\abran\.m2\repository\com\google\appengine\appengine-api-1.0-sdk\1.9.76\appengine-api-1.0-sdk-1.9.76.jar;"/>
    <property name="java.vm.vendor" value="Eclipse Adoptium"/>
    <property name="sun.arch.data.model" value="64"/>
    <property name="user.variant" value=""/>
    <property name="java.vendor.url" value="https://adoptium.net/"/>
    <property name="user.timezone" value="Europe/Madrid"/>
    <property name="os.name" value="Windows 11"/>
    <property name="java.vm.specification.version" value="17"/>
    <property name="user.country" value="ES"/>
    <property name="sun.java.launcher" value="SUN_STANDARD"/>
    <property name="sun.boot.library.path" value="C:\Program Files\Eclipse Adoptium\jdk-17.0.12.7-hotspot\bin"/>
    <property name="sun.java.command" value="C:\Users\abran\AppData\Local\Temp\surefire3262901289355320717\surefirebooter-20250506201445993_3.jar C:\Users\abran\AppData\Local\Temp\surefire3262901289355320717 2025-05-06T20-14-45_699-jvmRun1 surefire-20250506201445993_1tmp surefire_0-20250506201445993_2tmp"/>
    <property name="jdk.debug" value="release"/>
    <property name="test" value="com.example.softlearning.applicationcore.entity.sharedkernel.domainservices.validations.CheckTest"/>
    <property name="surefire.test.class.path" value="C:\Users\abran\softlearningjpa\softlearning\target\test-classes;C:\Users\abran\softlearningjpa\softlearning\target\classes;C:\Users\abran\.m2\repository\org\springframework\boot\spring-boot-starter-actuator\3.4.0\spring-boot-starter-actuator-3.4.0.jar;C:\Users\abran\.m2\repository\org\springframework\boot\spring-boot-starter\3.4.0\spring-boot-starter-3.4.0.jar;C:\Users\abran\.m2\repository\org\springframework\boot\spring-boot\3.4.0\spring-boot-3.4.0.jar;C:\Users\abran\.m2\repository\org\springframework\boot\spring-boot-autoconfigure\3.4.0\spring-boot-autoconfigure-3.4.0.jar;C:\Users\abran\.m2\repository\org\springframework\boot\spring-boot-starter-logging\3.4.0\spring-boot-starter-logging-3.4.0.jar;C:\Users\abran\.m2\repository\ch\qos\logback\logback-classic\1.5.12\logback-classic-1.5.12.jar;C:\Users\abran\.m2\repository\ch\qos\logback\logback-core\1.5.12\logback-core-1.5.12.jar;C:\Users\abran\.m2\repository\org\apache\logging\log4j\log4j-to-slf4j\2.24.1\log4j-to-slf4j-2.24.1.jar;C:\Users\abran\.m2\repository\org\apache\logging\log4j\log4j-api\2.24.1\log4j-api-2.24.1.jar;C:\Users\abran\.m2\repository\org\slf4j\jul-to-slf4j\2.0.16\jul-to-slf4j-2.0.16.jar;C:\Users\abran\.m2\repository\org\springframework\boot\spring-boot-actuator-autoconfigure\3.4.0\spring-boot-actuator-autoconfigure-3.4.0.jar;C:\Users\abran\.m2\repository\org\springframework\boot\spring-boot-actuator\3.4.0\spring-boot-actuator-3.4.0.jar;C:\Users\abran\.m2\repository\com\fasterxml\jackson\datatype\jackson-datatype-jsr310\2.18.1\jackson-datatype-jsr310-2.18.1.jar;C:\Users\abran\.m2\repository\io\micrometer\micrometer-observation\1.14.1\micrometer-observation-1.14.1.jar;C:\Users\abran\.m2\repository\io\micrometer\micrometer-commons\1.14.1\micrometer-commons-1.14.1.jar;C:\Users\abran\.m2\repository\io\micrometer\micrometer-jakarta9\1.14.1\micrometer-jakarta9-1.14.1.jar;C:\Users\abran\.m2\repository\io\micrometer\micrometer-core\1.14.1\micrometer-core-1.14.1.jar;C:\Users\abran\.m2\repository\org\hdrhistogram\HdrHistogram\2.2.2\HdrHistogram-2.2.2.jar;C:\Users\abran\.m2\repository\org\latencyutils\LatencyUtils\2.0.3\LatencyUtils-2.0.3.jar;C:\Users\abran\.m2\repository\org\springframework\boot\spring-boot-starter-data-jpa\3.4.0\spring-boot-starter-data-jpa-3.4.0.jar;C:\Users\abran\.m2\repository\org\springframework\boot\spring-boot-starter-jdbc\3.4.0\spring-boot-starter-jdbc-3.4.0.jar;C:\Users\abran\.m2\repository\com\zaxxer\HikariCP\5.1.0\HikariCP-5.1.0.jar;C:\Users\abran\.m2\repository\org\springframework\spring-jdbc\6.2.0\spring-jdbc-6.2.0.jar;C:\Users\abran\.m2\repository\org\hibernate\orm\hibernate-core\6.6.2.Final\hibernate-core-6.6.2.Final.jar;C:\Users\abran\.m2\repository\jakarta\persistence\jakarta.persistence-api\3.1.0\jakarta.persistence-api-3.1.0.jar;C:\Users\abran\.m2\repository\jakarta\transaction\jakarta.transaction-api\2.0.1\jakarta.transaction-api-2.0.1.jar;C:\Users\abran\.m2\repository\org\jboss\logging\jboss-logging\3.6.1.Final\jboss-logging-3.6.1.Final.jar;C:\Users\abran\.m2\repository\org\hibernate\common\hibernate-commons-annotations\7.0.3.Final\hibernate-commons-annotations-7.0.3.Final.jar;C:\Users\abran\.m2\repository\io\smallrye\jandex\3.2.0\jandex-3.2.0.jar;C:\Users\abran\.m2\repository\com\fasterxml\classmate\1.7.0\classmate-1.7.0.jar;C:\Users\abran\.m2\repository\net\bytebuddy\byte-buddy\1.15.10\byte-buddy-1.15.10.jar;C:\Users\abran\.m2\repository\org\glassfish\jaxb\jaxb-runtime\4.0.5\jaxb-runtime-4.0.5.jar;C:\Users\abran\.m2\repository\org\glassfish\jaxb\jaxb-core\4.0.5\jaxb-core-4.0.5.jar;C:\Users\abran\.m2\repository\org\eclipse\angus\angus-activation\2.0.2\angus-activation-2.0.2.jar;C:\Users\abran\.m2\repository\org\glassfish\jaxb\txw2\4.0.5\txw2-4.0.5.jar;C:\Users\abran\.m2\repository\com\sun\istack\istack-commons-runtime\4.1.2\istack-commons-runtime-4.1.2.jar;C:\Users\abran\.m2\repository\jakarta\inject\jakarta.inject-api\2.0.1\jakarta.inject-api-2.0.1.jar;C:\Users\abran\.m2\repository\org\antlr\antlr4-runtime\4.13.0\antlr4-runtime-4.13.0.jar;C:\Users\abran\.m2\repository\org\springframework\data\spring-data-jpa\3.4.0\spring-data-jpa-3.4.0.jar;C:\Users\abran\.m2\repository\org\springframework\data\spring-data-commons\3.4.0\spring-data-commons-3.4.0.jar;C:\Users\abran\.m2\repository\org\springframework\spring-orm\6.2.0\spring-orm-6.2.0.jar;C:\Users\abran\.m2\repository\org\springframework\spring-context\6.2.0\spring-context-6.2.0.jar;C:\Users\abran\.m2\repository\org\springframework\spring-aop\6.2.0\spring-aop-6.2.0.jar;C:\Users\abran\.m2\repository\org\springframework\spring-tx\6.2.0\spring-tx-6.2.0.jar;C:\Users\abran\.m2\repository\org\springframework\spring-beans\6.2.0\spring-beans-6.2.0.jar;C:\Users\abran\.m2\repository\org\slf4j\slf4j-api\2.0.16\slf4j-api-2.0.16.jar;C:\Users\abran\.m2\repository\org\springframework\spring-aspects\6.2.0\spring-aspects-6.2.0.jar;C:\Users\abran\.m2\repository\org\aspectj\aspectjweaver\1.9.22.1\aspectjweaver-1.9.22.1.jar;C:\Users\abran\.m2\repository\com\mysql\mysql-connector-j\9.1.0\mysql-connector-j-9.1.0.jar;C:\Users\abran\.m2\repository\org\springframework\boot\spring-boot-starter-web\3.4.0\spring-boot-starter-web-3.4.0.jar;C:\Users\abran\.m2\repository\org\springframework\boot\spring-boot-starter-json\3.4.0\spring-boot-starter-json-3.4.0.jar;C:\Users\abran\.m2\repository\com\fasterxml\jackson\datatype\jackson-datatype-jdk8\2.18.1\jackson-datatype-jdk8-2.18.1.jar;C:\Users\abran\.m2\repository\com\fasterxml\jackson\module\jackson-module-parameter-names\2.18.1\jackson-module-parameter-names-2.18.1.jar;C:\Users\abran\.m2\repository\org\springframework\spring-web\6.2.0\spring-web-6.2.0.jar;C:\Users\abran\.m2\repository\org\springframework\spring-webmvc\6.2.0\spring-webmvc-6.2.0.jar;C:\Users\abran\.m2\repository\org\springframework\spring-expression\6.2.0\spring-expression-6.2.0.jar;C:\Users\abran\.m2\repository\org\springframework\boot\spring-boot-starter-tomcat\3.4.0\spring-boot-starter-tomcat-3.4.0.jar;C:\Users\abran\.m2\repository\jakarta\annotation\jakarta.annotation-api\2.1.1\jakarta.annotation-api-2.1.1.jar;C:\Users\abran\.m2\repository\org\apache\tomcat\embed\tomcat-embed-core\10.1.33\tomcat-embed-core-10.1.33.jar;C:\Users\abran\.m2\repository\org\apache\tomcat\embed\tomcat-embed-el\10.1.33\tomcat-embed-el-10.1.33.jar;C:\Users\abran\.m2\repository\org\apache\tomcat\embed\tomcat-embed-websocket\10.1.33\tomcat-embed-websocket-10.1.33.jar;C:\Users\abran\.m2\repository\org\springframework\boot\spring-boot-starter-test\3.4.0\spring-boot-starter-test-3.4.0.jar;C:\Users\abran\.m2\repository\org\springframework\boot\spring-boot-test\3.4.0\spring-boot-test-3.4.0.jar;C:\Users\abran\.m2\repository\org\springframework\boot\spring-boot-test-autoconfigure\3.4.0\spring-boot-test-autoconfigure-3.4.0.jar;C:\Users\abran\.m2\repository\com\jayway\jsonpath\json-path\2.9.0\json-path-2.9.0.jar;C:\Users\abran\.m2\repository\jakarta\xml\bind\jakarta.xml.bind-api\4.0.2\jakarta.xml.bind-api-4.0.2.jar;C:\Users\abran\.m2\repository\jakarta\activation\jakarta.activation-api\2.1.3\jakarta.activation-api-2.1.3.jar;C:\Users\abran\.m2\repository\net\minidev\json-smart\2.5.1\json-smart-2.5.1.jar;C:\Users\abran\.m2\repository\net\minidev\accessors-smart\2.5.1\accessors-smart-2.5.1.jar;C:\Users\abran\.m2\repository\org\ow2\asm\asm\9.6\asm-9.6.jar;C:\Users\abran\.m2\repository\org\assertj\assertj-core\3.26.3\assertj-core-3.26.3.jar;C:\Users\abran\.m2\repository\org\awaitility\awaitility\4.2.2\awaitility-4.2.2.jar;C:\Users\abran\.m2\repository\org\hamcrest\hamcrest\2.2\hamcrest-2.2.jar;C:\Users\abran\.m2\repository\org\junit\jupiter\junit-jupiter\5.11.3\junit-jupiter-5.11.3.jar;C:\Users\abran\.m2\repository\org\junit\jupiter\junit-jupiter-params\5.11.3\junit-jupiter-params-5.11.3.jar;C:\Users\abran\.m2\repository\org\junit\jupiter\junit-jupiter-engine\5.11.3\junit-jupiter-engine-5.11.3.jar;C:\Users\abran\.m2\repository\org\junit\platform\junit-platform-engine\1.11.3\junit-platform-engine-1.11.3.jar;C:\Users\abran\.m2\repository\org\mockito\mockito-core\5.14.2\mockito-core-5.14.2.jar;C:\Users\abran\.m2\repository\net\bytebuddy\byte-buddy-agent\1.15.10\byte-buddy-agent-1.15.10.jar;C:\Users\abran\.m2\repository\org\objenesis\objenesis\3.3\objenesis-3.3.jar;C:\Users\abran\.m2\repository\org\skyscreamer\jsonassert\1.5.3\jsonassert-1.5.3.jar;C:\Users\abran\.m2\repository\com\vaadin\external\google\android-json\0.0.20131108.vaadin1\android-json-0.0.20131108.vaadin1.jar;C:\Users\abran\.m2\repository\org\springframework\spring-core\6.2.0\spring-core-6.2.0.jar;C:\Users\abran\.m2\repository\org\springframework\spring-jcl\6.2.0\spring-jcl-6.2.0.jar;C:\Users\abran\.m2\repository\org\springframework\spring-test\6.2.0\spring-test-6.2.0.jar;C:\Users\abran\.m2\repository\org\xmlunit\xmlunit-core\2.10.0\xmlunit-core-2.10.0.jar;C:\Users\abran\.m2\repository\com\fasterxml\jackson\core\jackson-databind\2.18.1\jackson-databind-2.18.1.jar;C:\Users\abran\.m2\repository\com\fasterxml\jackson\core\jackson-annotations\2.18.1\jackson-annotations-2.18.1.jar;C:\Users\abran\.m2\repository\com\fasterxml\jackson\core\jackson-core\2.18.1\jackson-core-2.18.1.jar;C:\Users\abran\.m2\repository\com\fasterxml\jackson\dataformat\jackson-dataformat-xml\2.18.1\jackson-dataformat-xml-2.18.1.jar;C:\Users\abran\.m2\repository\org\codehaus\woodstox\stax2-api\4.2.2\stax2-api-4.2.2.jar;C:\Users\abran\.m2\repository\com\fasterxml\woodstox\woodstox-core\7.0.0\woodstox-core-7.0.0.jar;C:\Users\abran\.m2\repository\com\fasterxml\jackson\dataformat\jackson-dataformat-yaml\2.18.1\jackson-dataformat-yaml-2.18.1.jar;C:\Users\abran\.m2\repository\org\yaml\snakeyaml\2.3\snakeyaml-2.3.jar;C:\Users\abran\.m2\repository\org\junit\jupiter\junit-jupiter-api\5.11.3\junit-jupiter-api-5.11.3.jar;C:\Users\abran\.m2\repository\org\opentest4j\opentest4j\1.3.0\opentest4j-1.3.0.jar;C:\Users\abran\.m2\repository\org\junit\platform\junit-platform-commons\1.11.3\junit-platform-commons-1.11.3.jar;C:\Users\abran\.m2\repository\org\apiguardian\apiguardian-api\1.1.2\apiguardian-api-1.1.2.jar;C:\Users\abran\.m2\repository\org\mockito\mockito-junit-jupiter\5.14.2\mockito-junit-jupiter-5.14.2.jar;C:\Users\abran\.m2\repository\com\google\appengine\appengine-api-1.0-sdk\1.9.76\appengine-api-1.0-sdk-1.9.76.jar;"/>
    <property name="sun.cpu.endian" value="little"/>
    <property name="user.home" value="C:\Users\abran"/>
    <property name="user.language" value="es"/>
    <property name="java.specification.vendor" value="Oracle Corporation"/>
    <property name="java.version.date" value="2024-07-16"/>
    <property name="java.home" value="C:\Program Files\Eclipse Adoptium\jdk-17.0.12.7-hotspot"/>
    <property name="file.separator" value="\"/>
    <property name="basedir" value="C:\Users\abran\softlearningjpa\softlearning"/>
    <property name="java.vm.compressedOopsMode" value="Zero based"/>
    <property name="line.separator" value="&#10;"/>
    <property name="java.vm.specification.vendor" value="Oracle Corporation"/>
    <property name="java.specification.name" value="Java Platform API Specification"/>
    <property name="surefire.real.class.path" value="C:\Users\abran\AppData\Local\Temp\surefire3262901289355320717\surefirebooter-20250506201445993_3.jar"/>
    <property name="user.script" value=""/>
    <property name="sun.management.compiler" value="HotSpot 64-Bit Tiered Compilers"/>
    <property name="java.runtime.version" value="17.0.12+7"/>
    <property name="user.name" value="abran"/>
    <property name="path.separator" value=";"/>
    <property name="os.version" value="10.0"/>
    <property name="java.runtime.name" value="OpenJDK Runtime Environment"/>
    <property name="file.encoding" value="Cp1252"/>
    <property name="java.vm.name" value="OpenJDK 64-Bit Server VM"/>
    <property name="java.vendor.version" value="Temurin-17.0.12+7"/>
    <property name="maven.ext.class.path" value="C:\Users\abran\.vscode\extensions\oracle.oracle-java-24.0.0\nbcode\java\maven-nblib\netbeans-eventspy.jar"/>
    <property name="localRepository" value="C:\Users\abran\.m2\repository"/>
    <property name="java.vendor.url.bug" value="https://github.com/adoptium/adoptium-support/issues"/>
    <property name="java.io.tmpdir" value="C:\Users\abran\AppData\Local\Temp\"/>
    <property name="java.version" value="17.0.12"/>
    <property name="user.dir" value="C:\Users\abran\softlearningjpa\softlearning"/>
    <property name="os.arch" value="amd64"/>
    <property name="java.vm.specification.name" value="Java Virtual Machine Specification"/>
    <property name="sun.os.patch.level" value=""/>
    <property name="native.encoding" value="Cp1252"/>
    <property name="java.library.path" value="C:\Program Files\Eclipse Adoptium\jdk-17.0.12.7-hotspot\bin;C:\WINDOWS\Sun\Java\bin;C:\WINDOWS\system32;C:\WINDOWS;C:\Program Files\Eclipse Adoptium\jdk-17.0.12.7-hotspot\bin;C:\WINDOWS\system32;C:\WINDOWS;C:\WINDOWS\System32\Wbem;C:\WINDOWS\System32\WindowsPowerShell\v1.0\;C:\WINDOWS\System32\OpenSSH\;C:\Program Files\dotnet\;C:\Program Files\Git\cmd;C:\Program Files\Maven\apache-maven-3.9.9\bin;C:\apache-tomcat-10.1.31\bin;C:\Program Files\nodejs\;C:\ProgramData\chocolatey\bin;C:\php;C:\ProgramData\ComposerSetup\bin;C:\Users\abran\AppData\Local\Programs\Python\Python312\Scripts\;C:\Users\abran\AppData\Local\Programs\Python\Python312\;C:\Users\abran\AppData\Local\Programs\Python\Launcher\;C:\Users\abran\.console-ninja\.bin;C:\Users\abran\AppData\Local\Microsoft\WindowsApps;C:\Users\abran\AppData\Roaming\npm;C:\Users\abran\AppData\Local\Microsoft\WindowsApps;C:\Users\abran\.lmstudio\bin;C:\Users\abran\AppData\Local\Programs\Microsoft VS Code\bin;C:\php;C:\Users\abran\AppData\Roaming\Composer\vendor\bin;."/>
    <property name="java.vm.info" value="mixed mode, sharing"/>
    <property name="java.vendor" value="Eclipse Adoptium"/>
    <property name="java.vm.version" value="17.0.12+7"/>
    <property name="sun.io.unicode.encoding" value="UnicodeLittle"/>
    <property name="java.class.version" value="61.0"/>
  </properties>
  <testcase name="testGetErrorMessageLatePayment" classname="com.example.softlearning.applicationcore.entity.sharedkernel.domainservices.validations.CheckTest" time="0.056"/>
  <testcase name="testCheckLengthEmptyString" classname="com.example.softlearning.applicationcore.entity.sharedkernel.domainservices.validations.CheckTest" time="0.004"/>
  <testcase name="testIsValidDateMonthTooHigh" classname="com.example.softlearning.applicationcore.entity.sharedkernel.domainservices.validations.CheckTest" time="0.007"/>
  <testcase name="testCheckMobilePhoneWithLetters" classname="com.example.softlearning.applicationcore.entity.sharedkernel.domainservices.validations.CheckTest" time="0.003"/>
  <testcase name="testRangeIntZero" classname="com.example.softlearning.applicationcore.entity.sharedkernel.domainservices.validations.CheckTest" time="0.002"/>
  <testcase name="testGetErrorMessageInvalidISBN" classname="com.example.softlearning.applicationcore.entity.sharedkernel.domainservices.validations.CheckTest" time="0.001"/>
  <testcase name="testGetErrorMessageDiscountTooHigh" classname="com.example.softlearning.applicationcore.entity.sharedkernel.domainservices.validations.CheckTest" time="0.001"/>
  <testcase name="testIsValidDateCompleteLeapYearValid" classname="com.example.softlearning.applicationcore.entity.sharedkernel.domainservices.validations.CheckTest" time="0.006"/>
  <testcase name="testCheckEmailInvalidDomain" classname="com.example.softlearning.applicationcore.entity.sharedkernel.domainservices.validations.CheckTest" time="0.002"/>
  <testcase name="testGetErrorMessageNoDetail" classname="com.example.softlearning.applicationcore.entity.sharedkernel.domainservices.validations.CheckTest" time="0.001"/>
  <testcase name="testCheckEmailNull" classname="com.example.softlearning.applicationcore.entity.sharedkernel.domainservices.validations.CheckTest" time="0.001"/>
  <testcase name="testIsValidDateCompleteIncorrectFormat" classname="com.example.softlearning.applicationcore.entity.sharedkernel.domainservices.validations.CheckTest" time="0.002"/>
  <testcase name="testCheckLengthMoreThanMax" classname="com.example.softlearning.applicationcore.entity.sharedkernel.domainservices.validations.CheckTest" time="0.001"/>
  <testcase name="testCheckMobilePhoneNull" classname="com.example.softlearning.applicationcore.entity.sharedkernel.domainservices.validations.CheckTest" time="0.002"/>
  <testcase name="testCheckISBNWithSpaces" classname="com.example.softlearning.applicationcore.entity.sharedkernel.domainservices.validations.CheckTest" time="0.003"/>
  <testcase name="testGetErrorMessageNullValue" classname="com.example.softlearning.applicationcore.entity.sharedkernel.domainservices.validations.CheckTest" time="0.001"/>
  <testcase name="testIsValidDateNull" classname="com.example.softlearning.applicationcore.entity.sharedkernel.domainservices.validations.CheckTest" time="0.001"/>
  <testcase name="testGetErrorMessageIncorrectDateFormat" classname="com.example.softlearning.applicationcore.entity.sharedkernel.domainservices.validations.CheckTest" time="0.001"/>
  <testcase name="testIsValidDateLeapYearValid" classname="com.example.softlearning.applicationcore.entity.sharedkernel.domainservices.validations.CheckTest" time="0.002"/>
  <testcase name="testRangeDiscountValidLowerBound" classname="com.example.softlearning.applicationcore.entity.sharedkernel.domainservices.validations.CheckTest" time="0.001"/>
  <testcase name="testIsValidDateCompleteCorrectFormatInvalidDate" classname="com.example.softlearning.applicationcore.entity.sharedkernel.domainservices.validations.CheckTest" time="0.002"/>
  <testcase name="testCheckEmail" classname="com.example.softlearning.applicationcore.entity.sharedkernel.domainservices.validations.CheckTest" time="0.007"/>
  <testcase name="testCheckISBNTooLong" classname="com.example.softlearning.applicationcore.entity.sharedkernel.domainservices.validations.CheckTest" time="0.002"/>
  <testcase name="testIsValidDateCompleteCorrectFormatValidDate" classname="com.example.softlearning.applicationcore.entity.sharedkernel.domainservices.validations.CheckTest" time="0.002"/>
  <testcase name="testCheckMobilePhoneNotStartsWith6Or7" classname="com.example.softlearning.applicationcore.entity.sharedkernel.domainservices.validations.CheckTest" time="0.001"/>
  <testcase name="testGetErrorMessageInvalidSoftwareFormat" classname="com.example.softlearning.applicationcore.entity.sharedkernel.domainservices.validations.CheckTest" time="0.001"/>
  <testcase name="testRangeDiscountAboveRange" classname="com.example.softlearning.applicationcore.entity.sharedkernel.domainservices.validations.CheckTest" time="0.001"/>
  <testcase name="testCheckEmailWithSpace" classname="com.example.softlearning.applicationcore.entity.sharedkernel.domainservices.validations.CheckTest" time="0.001"/>
  <testcase name="testIsValidDateCompleteDayTooHigh" classname="com.example.softlearning.applicationcore.entity.sharedkernel.domainservices.validations.CheckTest" time="0.002"/>
  <testcase name="testRangeNegativeNumber" classname="com.example.softlearning.applicationcore.entity.sharedkernel.domainservices.validations.CheckTest" time="0.001"/>
  <testcase name="testCheckLengthLessThanMin" classname="com.example.softlearning.applicationcore.entity.sharedkernel.domainservices.validations.CheckTest" time="0.001"/>
  <testcase name="testIsEmptyNull" classname="com.example.softlearning.applicationcore.entity.sharedkernel.domainservices.validations.CheckTest" time="0.002"/>
  <testcase name="testCheckLengthSpaceString" classname="com.example.softlearning.applicationcore.entity.sharedkernel.domainservices.validations.CheckTest" time="0.001"/>
  <testcase name="testCheckISBNEmpty" classname="com.example.softlearning.applicationcore.entity.sharedkernel.domainservices.validations.CheckTest" time="0.001"/>
  <testcase name="testCheckISBNValid" classname="com.example.softlearning.applicationcore.entity.sharedkernel.domainservices.validations.CheckTest" time="0.001"/>
  <testcase name="testGetErrorMessageCorrectFormatButInvalidDate" classname="com.example.softlearning.applicationcore.entity.sharedkernel.domainservices.validations.CheckTest" time="0.001"/>
  <testcase name="testCheckLengthValid" classname="com.example.softlearning.applicationcore.entity.sharedkernel.domainservices.validations.CheckTest" time="0.0"/>
  <testcase name="testGetErrorMessageTooManyCharacters" classname="com.example.softlearning.applicationcore.entity.sharedkernel.domainservices.validations.CheckTest" time="0.0"/>
  <testcase name="testIsValidDateWithLetters" classname="com.example.softlearning.applicationcore.entity.sharedkernel.domainservices.validations.CheckTest" time="0.001"/>
  <testcase name="testRangePositiveNumber" classname="com.example.softlearning.applicationcore.entity.sharedkernel.domainservices.validations.CheckTest" time="0.001"/>
  <testcase name="testRangeDiscountBelowRange" classname="com.example.softlearning.applicationcore.entity.sharedkernel.domainservices.validations.CheckTest" time="0.001"/>
  <testcase name="testGetErrorMessageInvalidEmailFormat" classname="com.example.softlearning.applicationcore.entity.sharedkernel.domainservices.validations.CheckTest" time="0.001"/>
  <testcase name="testIsValidDateCompleteMonthZero" classname="com.example.softlearning.applicationcore.entity.sharedkernel.domainservices.validations.CheckTest" time="0.001"/>
  <testcase name="testIsValidDateEmptyString" classname="com.example.softlearning.applicationcore.entity.sharedkernel.domainservices.validations.CheckTest" time="0.001"/>
  <testcase name="testGetErrorMessageUnknownErrorCode" classname="com.example.softlearning.applicationcore.entity.sharedkernel.domainservices.validations.CheckTest" time="0.001"/>
  <testcase name="testCheckDNIWhitSpace" classname="com.example.softlearning.applicationcore.entity.sharedkernel.domainservices.validations.CheckTest" time="0.0"/>
  <testcase name="testIsValidDateCompleteDayZero" classname="com.example.softlearning.applicationcore.entity.sharedkernel.domainservices.validations.CheckTest" time="0.001"/>
  <testcase name="testIsValidDateIncorrectFormat" classname="com.example.softlearning.applicationcore.entity.sharedkernel.domainservices.validations.CheckTest" time="0.0"/>
  <testcase name="testCheckDNILowerCaseLetter" classname="com.example.softlearning.applicationcore.entity.sharedkernel.domainservices.validations.CheckTest" time="0.001"/>
  <testcase name="testRangeZero" classname="com.example.softlearning.applicationcore.entity.sharedkernel.domainservices.validations.CheckTest" time="0.001"/>
  <testcase name="testIsValidDateWithAnotherCharacters" classname="com.example.softlearning.applicationcore.entity.sharedkernel.domainservices.validations.CheckTest" time="0.0"/>
  <testcase name="testCheckMobilePhoneEmpty" classname="com.example.softlearning.applicationcore.entity.sharedkernel.domainservices.validations.CheckTest" time="0.001"/>
  <testcase name="testCheckDNILongString" classname="com.example.softlearning.applicationcore.entity.sharedkernel.domainservices.validations.CheckTest" time="0.001"/>
  <testcase name="testCheckMobilePhoneShort" classname="com.example.softlearning.applicationcore.entity.sharedkernel.domainservices.validations.CheckTest" time="0.001"/>
  <testcase name="testCheckMobilePhoneValid" classname="com.example.softlearning.applicationcore.entity.sharedkernel.domainservices.validations.CheckTest" time="0.001"/>
  <testcase name="testRangeDiscountValidUpperBound" classname="com.example.softlearning.applicationcore.entity.sharedkernel.domainservices.validations.CheckTest" time="0.001"/>
  <testcase name="testCheckEmailWithDots" classname="com.example.softlearning.applicationcore.entity.sharedkernel.domainservices.validations.CheckTest" time="0.001"/>
  <testcase name="testRangeDiscountWithinRange" classname="com.example.softlearning.applicationcore.entity.sharedkernel.domainservices.validations.CheckTest" time="0.0"/>
  <testcase name="testIsValidDateCompleteWithExtraCharacters" classname="com.example.softlearning.applicationcore.entity.sharedkernel.domainservices.validations.CheckTest" time="0.001"/>
  <testcase name="testCheckISBNWithLetters" classname="com.example.softlearning.applicationcore.entity.sharedkernel.domainservices.validations.CheckTest" time="0.001"/>
  <testcase name="testIsTrueTrue" classname="com.example.softlearning.applicationcore.entity.sharedkernel.domainservices.validations.CheckTest" time="0.001"/>
  <testcase name="testGetErrorMessageInvalidDNI" classname="com.example.softlearning.applicationcore.entity.sharedkernel.domainservices.validations.CheckTest" time="0.001"/>
  <testcase name="testIsValidDateCompleteMonthTooHigh" classname="com.example.softlearning.applicationcore.entity.sharedkernel.domainservices.validations.CheckTest" time="0.001"/>
  <testcase name="testIsValidDateCompleteNull" classname="com.example.softlearning.applicationcore.entity.sharedkernel.domainservices.validations.CheckTest" time="0.002"/>
  <testcase name="testGetErrorMessageTooShortField" classname="com.example.softlearning.applicationcore.entity.sharedkernel.domainservices.validations.CheckTest" time="0.001"/>
  <testcase name="testIsValidDateCompleteLeapYearInvalid" classname="com.example.softlearning.applicationcore.entity.sharedkernel.domainservices.validations.CheckTest" time="0.001"/>
  <testcase name="testIsEmptyNotEmpty" classname="com.example.softlearning.applicationcore.entity.sharedkernel.domainservices.validations.CheckTest" time="0.0"/>
  <testcase name="testCheckEmailMultipleAtSymbols" classname="com.example.softlearning.applicationcore.entity.sharedkernel.domainservices.validations.CheckTest" time="0.001"/>
  <testcase name="testIsValidDateMonthZero" classname="com.example.softlearning.applicationcore.entity.sharedkernel.domainservices.validations.CheckTest" time="0.002"/>
  <testcase name="testCheckMobilePhoneTooLong" classname="com.example.softlearning.applicationcore.entity.sharedkernel.domainservices.validations.CheckTest" time="0.001"/>
  <testcase name="testCheckEmailNoAtSymbol" classname="com.example.softlearning.applicationcore.entity.sharedkernel.domainservices.validations.CheckTest" time="0.001"/>
  <testcase name="testCheckISBNTooShort" classname="com.example.softlearning.applicationcore.entity.sharedkernel.domainservices.validations.CheckTest" time="0.001"/>
  <testcase name="testCheckEmailWithSubdomain" classname="com.example.softlearning.applicationcore.entity.sharedkernel.domainservices.validations.CheckTest" time="0.001"/>
  <testcase name="testCheckLengthNullString" classname="com.example.softlearning.applicationcore.entity.sharedkernel.domainservices.validations.CheckTest" time="0.001"/>
  <testcase name="testCheckDNIEmpty" classname="com.example.softlearning.applicationcore.entity.sharedkernel.domainservices.validations.CheckTest" time="0.002"/>
  <testcase name="testIsNullNull" classname="com.example.softlearning.applicationcore.entity.sharedkernel.domainservices.validations.CheckTest" time="0.001"/>
  <testcase name="testCheckDNIValid" classname="com.example.softlearning.applicationcore.entity.sharedkernel.domainservices.validations.CheckTest" time="0.0"/>
  <testcase name="testGetErrorMessageNoError" classname="com.example.softlearning.applicationcore.entity.sharedkernel.domainservices.validations.CheckTest" time="0.0"/>
  <testcase name="testCheckISBNNull" classname="com.example.softlearning.applicationcore.entity.sharedkernel.domainservices.validations.CheckTest" time="0.0"/>
  <testcase name="testIsValidDateCorrectFormatInvalidDate" classname="com.example.softlearning.applicationcore.entity.sharedkernel.domainservices.validations.CheckTest" time="0.001"/>
  <testcase name="testGetErrorMessageEmptyValue" classname="com.example.softlearning.applicationcore.entity.sharedkernel.domainservices.validations.CheckTest" time="0.001"/>
  <testcase name="testIsValidDateCompleteInvalidMinutes" classname="com.example.softlearning.applicationcore.entity.sharedkernel.domainservices.validations.CheckTest" time="0.001"/>
  <testcase name="testGetErrorMessageInvalidReferenceHigh" classname="com.example.softlearning.applicationcore.entity.sharedkernel.domainservices.validations.CheckTest" time="0.001"/>
  <testcase name="testGetErrorMessageInvalidPhoneNumber" classname="com.example.softlearning.applicationcore.entity.sharedkernel.domainservices.validations.CheckTest" time="0.0"/>
  <testcase name="testGetErrorMessageInvalidPackageFragility" classname="com.example.softlearning.applicationcore.entity.sharedkernel.domainservices.validations.CheckTest" time="0.0"/>
  <testcase name="testIsValidDateCorrectFormatValidDate" classname="com.example.softlearning.applicationcore.entity.sharedkernel.domainservices.validations.CheckTest" time="0.0"/>
  <testcase name="testCheckISBNValidWithoutHyphens" classname="com.example.softlearning.applicationcore.entity.sharedkernel.domainservices.validations.CheckTest" time="0.001"/>
  <testcase name="testCheckEmailNoDomain" classname="com.example.softlearning.applicationcore.entity.sharedkernel.domainservices.validations.CheckTest" time="0.001"/>
  <testcase name="testGetErrorMessageInvalidReferenceLow" classname="com.example.softlearning.applicationcore.entity.sharedkernel.domainservices.validations.CheckTest" time="0.001"/>
  <testcase name="testIsNull" classname="com.example.softlearning.applicationcore.entity.sharedkernel.domainservices.validations.CheckTest" time="0.001"/>
  <testcase name="testGetErrorMessageFewCharacters" classname="com.example.softlearning.applicationcore.entity.sharedkernel.domainservices.validations.CheckTest" time="0.001"/>
  <testcase name="testIsNullEmpty" classname="com.example.softlearning.applicationcore.entity.sharedkernel.domainservices.validations.CheckTest" time="0.0"/>
  <testcase name="testIsNullSpace" classname="com.example.softlearning.applicationcore.entity.sharedkernel.domainservices.validations.CheckTest" time="0.0"/>
  <testcase name="testIsValidDateDayTooHigh" classname="com.example.softlearning.applicationcore.entity.sharedkernel.domainservices.validations.CheckTest" time="0.001"/>
  <testcase name="testIsValidDateCompleteInvalidTimeFormat" classname="com.example.softlearning.applicationcore.entity.sharedkernel.domainservices.validations.CheckTest" time="0.001"/>
  <testcase name="testGetErrorMessageUnsetOrderId" classname="com.example.softlearning.applicationcore.entity.sharedkernel.domainservices.validations.CheckTest" time="0.001"/>
  <testcase name="testCheckDNIMissingNumber" classname="com.example.softlearning.applicationcore.entity.sharedkernel.domainservices.validations.CheckTest" time="0.001"/>
  <testcase name="testIsValidDateCompleteWithLetters" classname="com.example.softlearning.applicationcore.entity.sharedkernel.domainservices.validations.CheckTest" time="0.0"/>
  <testcase name="testCheckDNIMixedCharacters" classname="com.example.softlearning.applicationcore.entity.sharedkernel.domainservices.validations.CheckTest" time="0.001"/>
  <testcase name="testRangeIntNegativeNumber" classname="com.example.softlearning.applicationcore.entity.sharedkernel.domainservices.validations.CheckTest" time="0.0"/>
  <testcase name="testIsEmpty" classname="com.example.softlearning.applicationcore.entity.sharedkernel.domainservices.validations.CheckTest" time="0.0"/>
  <testcase name="testIsValidDateDayZero" classname="com.example.softlearning.applicationcore.entity.sharedkernel.domainservices.validations.CheckTest" time="0.0"/>
  <testcase name="testCheckEmailSpecialCharacters" classname="com.example.softlearning.applicationcore.entity.sharedkernel.domainservices.validations.CheckTest" time="0.001"/>
  <testcase name="testGetErrorMessageNegativeNumber" classname="com.example.softlearning.applicationcore.entity.sharedkernel.domainservices.validations.CheckTest" time="0.001"/>
  <testcase name="testCheckDNINull" classname="com.example.softlearning.applicationcore.entity.sharedkernel.domainservices.validations.CheckTest" time="0.0"/>
  <testcase name="testIsTrueFalse" classname="com.example.softlearning.applicationcore.entity.sharedkernel.domainservices.validations.CheckTest" time="0.001"/>
  <testcase name="testCheckDNINoLetter" classname="com.example.softlearning.applicationcore.entity.sharedkernel.domainservices.validations.CheckTest" time="0.0"/>
  <testcase name="testGetErrorMessageCorrectPayment" classname="com.example.softlearning.applicationcore.entity.sharedkernel.domainservices.validations.CheckTest" time="0.0"/>
  <testcase name="testIsValidDateLeapYearInvalid" classname="com.example.softlearning.applicationcore.entity.sharedkernel.domainservices.validations.CheckTest" time="0.001"/>
  <testcase name="testIsValidDateCompleteEmptyString" classname="com.example.softlearning.applicationcore.entity.sharedkernel.domainservices.validations.CheckTest" time="0.001"/>
  <testcase name="testGetErrorMessageNumberTooLarge" classname="com.example.softlearning.applicationcore.entity.sharedkernel.domainservices.validations.CheckTest" time="0.001"/>
  <testcase name="testGetErrorMessageNumberTooSmall" classname="com.example.softlearning.applicationcore.entity.sharedkernel.domainservices.validations.CheckTest" time="0.0"/>
  <testcase name="testIsValidDateCompleteInvalidSeconds" classname="com.example.softlearning.applicationcore.entity.sharedkernel.domainservices.validations.CheckTest" time="0.001"/>
  <testcase name="testRangeIntPositiveNumber" classname="com.example.softlearning.applicationcore.entity.sharedkernel.domainservices.validations.CheckTest" time="0.0"/>
  <testcase name="testCheckMobilePhoneWithSpace" classname="com.example.softlearning.applicationcore.entity.sharedkernel.domainservices.validations.CheckTest" time="0.002"/>
  <testcase name="testIsEmptySpace" classname="com.example.softlearning.applicationcore.entity.sharedkernel.domainservices.validations.CheckTest" time="0.0"/>
</testsuite>